[ 2016-07-21T15:27:57+08:00 ] ::1 /shop/shop/index.php/home/Goods/category.htm
ERR: 非法操作:category.htm

[ 2016-07-21T15:32:16+08:00 ] ::1 /shop/shop/index.php/home/Goods/category.htm
ERR: 非法操作:category.htm

[ 2016-07-21T15:32:21+08:00 ] ::1 /shop/shop/index.php/home/Goods/category.htm
ERR: 非法操作:category.htm

[ 2016-07-21T15:32:21+08:00 ] ::1 /shop/shop/index.php/home/Goods/category.htm
ERR: 非法操作:category.htm

[ 2016-07-21T15:32:22+08:00 ] ::1 /shop/shop/index.php/home/Goods/category.htm
ERR: 非法操作:category.htm

[ 2016-07-21T15:32:22+08:00 ] ::1 /shop/shop/index.php/home/Goods/category.htm
ERR: 非法操作:category.htm

[ 2016-07-21T15:32:23+08:00 ] ::1 /shop/shop/index.php/home/Goods/category.htm
ERR: 非法操作:category.htm

[ 2016-07-21T15:32:23+08:00 ] ::1 /shop/shop/index.php/home/Goods/category.htm
ERR: 非法操作:category.htm

[ 2016-07-21T15:32:23+08:00 ] ::1 /shop/shop/index.php/home/Goods/category.htm
ERR: 非法操作:category.htm

[ 2016-07-21T15:32:23+08:00 ] ::1 /shop/shop/index.php/home/Goods/category.htm
ERR: 非法操作:category.htm

[ 2016-07-21T15:32:23+08:00 ] ::1 /shop/shop/index.php/home/Goods/category.htm
ERR: 非法操作:category.htm

[ 2016-07-21T15:32:23+08:00 ] ::1 /shop/shop/index.php/home/Goods/category.htm
ERR: 非法操作:category.htm

[ 2016-07-21T15:32:28+08:00 ] ::1 /shop/shop/index.php/home/Goods/category.htm
ERR: 非法操作:category.htm

[ 2016-07-21T15:32:28+08:00 ] ::1 /shop/shop/index.php/home/Goods/category.htm
ERR: 非法操作:category.htm

[ 2016-07-21T15:32:28+08:00 ] ::1 /shop/shop/index.php/home/Goods/category.htm
ERR: 非法操作:category.htm

[ 2016-07-21T15:32:28+08:00 ] ::1 /shop/shop/index.php/home/Goods/category.htm
ERR: 非法操作:category.htm

[ 2016-07-21T15:32:29+08:00 ] ::1 /shop/shop/index.php/home/Goods/category.htm
ERR: 非法操作:category.htm

[ 2016-07-21T15:32:29+08:00 ] ::1 /shop/shop/index.php/home/Goods/category.htm
ERR: 非法操作:category.htm

[ 2016-07-21T15:32:29+08:00 ] ::1 /shop/shop/index.php/home/Goods/category.htm
ERR: 非法操作:category.htm

[ 2016-07-21T15:32:29+08:00 ] ::1 /shop/shop/index.php/home/Goods/category.htm
ERR: 非法操作:category.htm

[ 2016-07-21T15:32:29+08:00 ] ::1 /shop/shop/index.php/home/Goods/category.htm
ERR: 非法操作:category.htm

[ 2016-07-21T15:32:32+08:00 ] ::1 /shop/shop/index.php/home/Goods/category.htm
ERR: 非法操作:category.htm

[ 2016-07-21T15:44:32+08:00 ] ::1 /shop/shop/index.php/home/Goods/style.css
ERR: 非法操作:style.css

[ 2016-07-21T15:44:32+08:00 ] ::1 /shop/shop/index.php/home/Goods/goods.htm
ERR: 非法操作:goods.htm

[ 2016-07-21T15:44:32+08:00 ] ::1 /shop/shop/index.php/home/Goods/controlbar.htm
ERR: 非法操作:controlbar.htm

[ 2016-07-21T15:44:54+08:00 ] ::1 /shop/shop/index.php/home/Goods/style.css
ERR: 非法操作:style.css

[ 2016-07-21T15:44:55+08:00 ] ::1 /shop/shop/index.php/home/Goods/controlbar.htm
ERR: 非法操作:controlbar.htm

[ 2016-07-21T15:44:55+08:00 ] ::1 /shop/shop/index.php/home/Goods/goods.htm
ERR: 非法操作:goods.htm

[ 2016-07-21T15:44:58+08:00 ] ::1 /shop/shop/index.php/home/Goods/style.css
ERR: 非法操作:style.css

[ 2016-07-21T15:44:59+08:00 ] ::1 /shop/shop/index.php/home/Goods/goods.htm
ERR: 非法操作:goods.htm

[ 2016-07-21T15:44:59+08:00 ] ::1 /shop/shop/index.php/home/Goods/controlbar.htm
ERR: 非法操作:controlbar.htm

[ 2016-07-21T15:44:59+08:00 ] ::1 /shop/shop/index.php/home/Goods/style.css
ERR: 非法操作:style.css

[ 2016-07-21T15:44:59+08:00 ] ::1 /shop/shop/index.php/home/Goods/goods.htm
ERR: 非法操作:goods.htm

[ 2016-07-21T15:44:59+08:00 ] ::1 /shop/shop/index.php/home/Goods/controlbar.htm
ERR: 非法操作:controlbar.htm

[ 2016-07-21T15:45:00+08:00 ] ::1 /shop/shop/index.php/home/Goods/style.css
ERR: 非法操作:style.css

[ 2016-07-21T15:45:00+08:00 ] ::1 /shop/shop/index.php/home/Goods/goods.htm
ERR: 非法操作:goods.htm

[ 2016-07-21T15:45:00+08:00 ] ::1 /shop/shop/index.php/home/Goods/controlbar.htm
ERR: 非法操作:controlbar.htm

[ 2016-07-21T15:45:00+08:00 ] ::1 /shop/shop/index.php/home/Goods/style.css
ERR: 非法操作:style.css

[ 2016-07-21T15:45:00+08:00 ] ::1 /shop/shop/index.php/home/Goods/goods.htm
ERR: 非法操作:goods.htm

[ 2016-07-21T15:45:00+08:00 ] ::1 /shop/shop/index.php/home/Goods/controlbar.htm
ERR: 非法操作:controlbar.htm

[ 2016-07-21T15:45:00+08:00 ] ::1 /shop/shop/index.php/home/Goods/style.css
ERR: 非法操作:style.css

[ 2016-07-21T15:45:01+08:00 ] ::1 /shop/shop/index.php/home/Goods/goods.htm
ERR: 非法操作:goods.htm

[ 2016-07-21T15:45:01+08:00 ] ::1 /shop/shop/index.php/home/Goods/controlbar.htm
ERR: 非法操作:controlbar.htm

[ 2016-07-21T15:45:15+08:00 ] ::1 /shop/shop/index.php/home/Goods/style.css
ERR: 非法操作:style.css

[ 2016-07-21T15:45:15+08:00 ] ::1 /shop/shop/index.php/home/Goods/goods.htm
ERR: 非法操作:goods.htm

[ 2016-07-21T15:45:15+08:00 ] ::1 /shop/shop/index.php/home/Goods/controlbar.htm
ERR: 非法操作:controlbar.htm

[ 2016-07-21T15:45:16+08:00 ] ::1 /shop/shop/index.php/home/Goods/style.css
ERR: 非法操作:style.css

[ 2016-07-21T15:45:16+08:00 ] ::1 /shop/shop/index.php/home/Goods/goods.htm
ERR: 非法操作:goods.htm

[ 2016-07-21T15:45:16+08:00 ] ::1 /shop/shop/index.php/home/Goods/controlbar.htm
ERR: 非法操作:controlbar.htm

[ 2016-07-21T15:45:16+08:00 ] ::1 /shop/shop/index.php/home/Goods/style.css
ERR: 非法操作:style.css

[ 2016-07-21T15:45:16+08:00 ] ::1 /shop/shop/index.php/home/Goods/controlbar.htm
ERR: 非法操作:controlbar.htm

[ 2016-07-21T15:45:16+08:00 ] ::1 /shop/shop/index.php/home/Goods/goods.htm
ERR: 非法操作:goods.htm

[ 2016-07-21T15:45:17+08:00 ] ::1 /shop/shop/index.php/home/Goods/goods.htm
ERR: 非法操作:goods.htm

[ 2016-07-21T15:45:17+08:00 ] ::1 /shop/shop/index.php/home/Goods/controlbar.htm
ERR: 非法操作:controlbar.htm

[ 2016-07-21T15:45:17+08:00 ] ::1 /shop/shop/index.php/home/Goods/controlbar.htm
ERR: 非法操作:controlbar.htm

[ 2016-07-21T15:45:17+08:00 ] ::1 /shop/shop/index.php/home/Goods/goods.htm
ERR: 非法操作:goods.htm

[ 2016-07-21T15:45:17+08:00 ] ::1 /shop/shop/index.php/home/Goods/goods.htm
ERR: 非法操作:goods.htm

[ 2016-07-21T15:45:17+08:00 ] ::1 /shop/shop/index.php/home/Goods/controlbar.htm
ERR: 非法操作:controlbar.htm

[ 2016-07-21T15:45:17+08:00 ] ::1 /shop/shop/index.php/home/Goods/goods.htm
ERR: 非法操作:goods.htm

[ 2016-07-21T15:45:17+08:00 ] ::1 /shop/shop/index.php/home/Goods/controlbar.htm
ERR: 非法操作:controlbar.htm

[ 2016-07-21T15:45:18+08:00 ] ::1 /shop/shop/index.php/home/Goods/goods.htm
ERR: 非法操作:goods.htm

[ 2016-07-21T15:45:18+08:00 ] ::1 /shop/shop/index.php/home/Goods/controlbar.htm
ERR: 非法操作:controlbar.htm

[ 2016-07-21T15:45:18+08:00 ] ::1 /shop/shop/index.php/home/Goods/goods.htm
ERR: 非法操作:goods.htm

[ 2016-07-21T15:45:18+08:00 ] ::1 /shop/shop/index.php/home/Goods/controlbar.htm
ERR: 非法操作:controlbar.htm

[ 2016-07-21T15:45:18+08:00 ] ::1 /shop/shop/index.php/home/Goods/goods.htm
ERR: 非法操作:goods.htm

[ 2016-07-21T15:45:18+08:00 ] ::1 /shop/shop/index.php/home/Goods/controlbar.htm
ERR: 非法操作:controlbar.htm

[ 2016-07-21T15:45:19+08:00 ] ::1 /shop/shop/index.php/home/Goods/goods.htm
ERR: 非法操作:goods.htm

[ 2016-07-21T15:45:19+08:00 ] ::1 /shop/shop/index.php/home/Goods/controlbar.htm
ERR: 非法操作:controlbar.htm

[ 2016-07-21T15:45:19+08:00 ] ::1 /shop/shop/index.php/home/Goods/goods.htm
ERR: 非法操作:goods.htm

[ 2016-07-21T15:45:19+08:00 ] ::1 /shop/shop/index.php/home/Goods/controlbar.htm
ERR: 非法操作:controlbar.htm

[ 2016-07-21T15:45:19+08:00 ] ::1 /shop/shop/index.php/home/Goods/controlbar.htm
ERR: 非法操作:controlbar.htm

[ 2016-07-21T15:45:19+08:00 ] ::1 /shop/shop/index.php/home/Goods/goods.htm
ERR: 非法操作:goods.htm

[ 2016-07-21T15:45:25+08:00 ] ::1 /shop/shop/index.php/Home/Goods/style.css
ERR: 非法操作:style.css

[ 2016-07-21T15:45:26+08:00 ] ::1 /shop/shop/index.php/Home/Goods/goods.htm
ERR: 非法操作:goods.htm

[ 2016-07-21T15:45:26+08:00 ] ::1 /shop/shop/index.php/Home/Goods/controlbar.htm
ERR: 非法操作:controlbar.htm

[ 2016-07-21T15:45:32+08:00 ] ::1 /shop/shop/index.php/Home/Goods/style.css
ERR: 非法操作:style.css

[ 2016-07-21T15:45:32+08:00 ] ::1 /shop/shop/index.php/Home/Goods/goods.htm
ERR: 非法操作:goods.htm

[ 2016-07-21T15:45:32+08:00 ] ::1 /shop/shop/index.php/Home/Goods/controlbar.htm
ERR: 非法操作:controlbar.htm

