[ 2016-07-23T16:55:41+08:00 ] ::1 /shop/shop/index.php/admin/user/regester
ERR: 无法加载控制器:User

[ 2016-07-23T16:55:46+08:00 ] ::1 /shop/shop/index.php/admin/user/rigester
ERR: 无法加载控制器:User

[ 2016-07-23T16:55:54+08:00 ] ::1 /shop/shop/index.php/admin/user/register
ERR: 无法加载控制器:User

[ 2016-07-23T20:49:00+08:00 ] ::1 /shop/shop/index.php/admin/manager/left
ERR: 非法操作:left

[ 2016-07-23T20:49:11+08:00 ] ::1 /shop/shop/index.php/admin/index/left
ERR: 1064:Erreur de syntaxe près de '' à la ligne 1
 [ SQL语句 ] : select * from sw_manager where mg_id=

[ 2016-07-23T21:12:17+08:00 ] ::1 /shop/shop/index.php/admin/index/left
ERR: 1064:Erreur de syntaxe près de '' à la ligne 1
 [ SQL语句 ] : select * from sw_manager where mg_id=

[ 2016-07-23T21:12:17+08:00 ] ::1 /shop/shop/index.php/admin/index/left
ERR: 1064:Erreur de syntaxe près de '' à la ligne 1
 [ SQL语句 ] : select * from sw_manager where mg_id=

[ 2016-07-23T21:12:18+08:00 ] ::1 /shop/shop/index.php/admin/index/left
ERR: 1064:Erreur de syntaxe près de '' à la ligne 1
 [ SQL语句 ] : select * from sw_manager where mg_id=

[ 2016-07-23T21:18:03+08:00 ] ::1 /shop/shop/index.php/Admin/Index/left
ERR: 1064:Erreur de syntaxe près de '' à la ligne 1
 [ SQL语句 ] : select * from sw_manager where mg_id=

[ 2016-07-23T21:18:12+08:00 ] ::1 /shop/shop/index.php/Admin/index/left
ERR: 1064:Erreur de syntaxe près de '' à la ligne 1
 [ SQL语句 ] : select * from sw_manager where mg_id=

[ 2016-07-23T21:19:48+08:00 ] ::1 /shop/shop/index.php/Admin/index/left
ERR: 1064:Erreur de syntaxe près de '' à la ligne 1
 [ SQL语句 ] : select * from sw_manager where mg_id=

[ 2016-07-23T21:19:50+08:00 ] ::1 /shop/shop/index.php/Admin/index/left
ERR: 1064:Erreur de syntaxe près de '' à la ligne 1
 [ SQL语句 ] : select * from sw_manager where mg_id=

[ 2016-07-23T21:19:51+08:00 ] ::1 /shop/shop/index.php/Admin/index/left
ERR: 1064:Erreur de syntaxe près de '' à la ligne 1
 [ SQL语句 ] : select * from sw_manager where mg_id=

[ 2016-07-23T21:19:52+08:00 ] ::1 /shop/shop/index.php/Admin/index/left
ERR: 1064:Erreur de syntaxe près de '' à la ligne 1
 [ SQL语句 ] : select * from sw_manager where mg_id=

[ 2016-07-23T21:21:54+08:00 ] ::1 /shop/shop/index.php/Admin/index/left
ERR: 1064:Erreur de syntaxe près de '' à la ligne 1
 [ SQL语句 ] : select * from sw_manager where mg_id=

[ 2016-07-23T21:21:55+08:00 ] ::1 /shop/shop/index.php/Admin/index/left
ERR: 1064:Erreur de syntaxe près de '' à la ligne 1
 [ SQL语句 ] : select * from sw_manager where mg_id=

[ 2016-07-23T21:21:56+08:00 ] ::1 /shop/shop/index.php/Admin/index/left
ERR: 1064:Erreur de syntaxe près de '' à la ligne 1
 [ SQL语句 ] : select * from sw_manager where mg_id=

[ 2016-07-23T21:23:27+08:00 ] ::1 /shop/shop/index.php/Admin/index/left
ERR: 1064:Erreur de syntaxe près de '' à la ligne 1
 [ SQL语句 ] : select * from sw_manager where mg_id=

[ 2016-07-23T21:23:59+08:00 ] ::1 /shop/shop/index.php/Admin/index/left
ERR: 1064:Erreur de syntaxe près de '' à la ligne 1
 [ SQL语句 ] : select * from sw_manager where mg_id=

[ 2016-07-23T21:26:45+08:00 ] ::1 /shop/shop/index.php/Admin/index/left
ERR: 1064:Erreur de syntaxe près de '' à la ligne 1
 [ SQL语句 ] : select * from sw_manager where mg_id=

[ 2016-07-23T21:26:46+08:00 ] ::1 /shop/shop/index.php/Admin/index/left
ERR: 1064:Erreur de syntaxe près de '' à la ligne 1
 [ SQL语句 ] : select * from sw_manager where mg_id=

[ 2016-07-23T21:26:46+08:00 ] ::1 /shop/shop/index.php/Admin/index/left
ERR: 1064:Erreur de syntaxe près de '' à la ligne 1
 [ SQL语句 ] : select * from sw_manager where mg_id=

[ 2016-07-23T21:26:47+08:00 ] ::1 /shop/shop/index.php/Admin/index/left
ERR: 1064:Erreur de syntaxe près de '' à la ligne 1
 [ SQL语句 ] : select * from sw_manager where mg_id=

[ 2016-07-23T21:26:47+08:00 ] ::1 /shop/shop/index.php/Admin/index/left
ERR: 1064:Erreur de syntaxe près de '' à la ligne 1
 [ SQL语句 ] : select * from sw_manager where mg_id=

[ 2016-07-23T21:26:47+08:00 ] ::1 /shop/shop/index.php/Admin/index/left
ERR: 1064:Erreur de syntaxe près de '' à la ligne 1
 [ SQL语句 ] : select * from sw_manager where mg_id=

[ 2016-07-23T21:26:47+08:00 ] ::1 /shop/shop/index.php/Admin/index/left
ERR: 1064:Erreur de syntaxe près de '' à la ligne 1
 [ SQL语句 ] : select * from sw_manager where mg_id=

[ 2016-07-23T21:26:48+08:00 ] ::1 /shop/shop/index.php/Admin/index/left
ERR: 1064:Erreur de syntaxe près de '' à la ligne 1
 [ SQL语句 ] : select * from sw_manager where mg_id=

[ 2016-07-23T21:26:48+08:00 ] ::1 /shop/shop/index.php/Admin/index/left
ERR: 1064:Erreur de syntaxe près de '' à la ligne 1
 [ SQL语句 ] : select * from sw_manager where mg_id=

[ 2016-07-23T21:26:52+08:00 ] ::1 /shop/shop/index.php/Admin/index/left
ERR: 1064:Erreur de syntaxe près de '' à la ligne 1
 [ SQL语句 ] : select * from sw_manager where mg_id=

[ 2016-07-23T21:26:53+08:00 ] ::1 /shop/shop/index.php/Admin/index/left
ERR: 1064:Erreur de syntaxe près de '' à la ligne 1
 [ SQL语句 ] : select * from sw_manager where mg_id=

[ 2016-07-23T21:26:53+08:00 ] ::1 /shop/shop/index.php/Admin/index/left
ERR: 1064:Erreur de syntaxe près de '' à la ligne 1
 [ SQL语句 ] : select * from sw_manager where mg_id=

[ 2016-07-23T21:26:53+08:00 ] ::1 /shop/shop/index.php/Admin/index/left
ERR: 1064:Erreur de syntaxe près de '' à la ligne 1
 [ SQL语句 ] : select * from sw_manager where mg_id=

[ 2016-07-23T21:27:40+08:00 ] ::1 /shop/shop/index.php/Admin/manager/register
ERR: 非法操作:register

[ 2016-07-23T21:28:24+08:00 ] ::1 /shop/shop/index.php/Admin/Index/left
ERR: 1064:Erreur de syntaxe près de '' à la ligne 1
 [ SQL语句 ] : select * from sw_role where role_id=

[ 2016-07-23T21:29:59+08:00 ] ::1 /shop/shop/index.php/Admin/Index/left
ERR: 1064:Erreur de syntaxe près de '' à la ligne 1
 [ SQL语句 ] : select * from sw_role where role_id=

[ 2016-07-23T21:30:00+08:00 ] ::1 /shop/shop/index.php/Admin/Index/left
ERR: 1064:Erreur de syntaxe près de '' à la ligne 1
 [ SQL语句 ] : select * from sw_role where role_id=

[ 2016-07-23T21:30:27+08:00 ] ::1 /shop/shop/index.php/Admin/Index/left
ERR: 1064:Erreur de syntaxe près de '' à la ligne 1
 [ SQL语句 ] : select * from sw_role where role_id=

