[ 2016-07-20T09:21:19+08:00 ] ::1 /shop/shop/index.php/Admin/Goods/add
ERR: Unable to load template file 'w\shop\ThinkPHP/Tpl/dispatch_jump.tpl'

[ 2016-07-20T09:32:05+08:00 ] ::1 /shop/shop/index.php/Admin/Goods/mine.css
ERR: 非法操作:mine.css

[ 2016-07-20T09:32:35+08:00 ] ::1 /shop/shop/index.php/Admin/Goods/mine.css
ERR: 非法操作:mine.css

[ 2016-07-20T09:32:36+08:00 ] ::1 /shop/shop/index.php/Admin/Goods/mine.css
ERR: 非法操作:mine.css

[ 2016-07-20T09:32:36+08:00 ] ::1 /shop/shop/index.php/Admin/Goods/mine.css
ERR: 非法操作:mine.css

[ 2016-07-20T09:32:36+08:00 ] ::1 /shop/shop/index.php/Admin/Goods/mine.css
ERR: 非法操作:mine.css

[ 2016-07-20T09:33:59+08:00 ] ::1 /shop/shop/index.php/Admin/Goods/mine.css
ERR: 非法操作:mine.css

[ 2016-07-20T09:34:00+08:00 ] ::1 /shop/shop/index.php/Admin/Goods/mine.css
ERR: 非法操作:mine.css

[ 2016-07-20T09:34:00+08:00 ] ::1 /shop/shop/index.php/Admin/Goods/mine.css
ERR: 非法操作:mine.css

[ 2016-07-20T09:34:00+08:00 ] ::1 /shop/shop/index.php/Admin/Goods/mine.css
ERR: 非法操作:mine.css

[ 2016-07-20T09:34:01+08:00 ] ::1 /shop/shop/index.php/Admin/Goods/mine.css
ERR: 非法操作:mine.css

[ 2016-07-20T09:40:22+08:00 ] ::1 /shop/shop/index.php/Admin/Goods/__MODULE__/Goods/showlist
ERR: 非法操作:__MODULE__

[ 2016-07-20T10:03:34+08:00 ] ::1 /shop/shop/index.php/Admin/Goods/del
ERR: Think\Model:del方法不存在！

[ 2016-07-20T10:04:38+08:00 ] ::1 /shop/shop/index.php/Admin/Goods/del
ERR: Think\Model:del方法不存在！

[ 2016-07-20T10:05:27+08:00 ] ::1 /shop/shop/index.php/Admin/Goods/del
ERR: Think\Model:del方法不存在！

[ 2016-07-20T10:05:27+08:00 ] ::1 /shop/shop/index.php/Admin/Goods/del
ERR: Think\Model:del方法不存在！

[ 2016-07-20T10:05:27+08:00 ] ::1 /shop/shop/index.php/Admin/Goods/del
ERR: Think\Model:del方法不存在！

[ 2016-07-20T10:05:27+08:00 ] ::1 /shop/shop/index.php/Admin/Goods/del
ERR: Think\Model:del方法不存在！

[ 2016-07-20T10:05:28+08:00 ] ::1 /shop/shop/index.php/Admin/Goods/del
ERR: Think\Model:del方法不存在！

[ 2016-07-20T10:05:28+08:00 ] ::1 /shop/shop/index.php/Admin/Goods/del
ERR: Think\Model:del方法不存在！

[ 2016-07-20T10:05:28+08:00 ] ::1 /shop/shop/index.php/Admin/Goods/del
ERR: Think\Model:del方法不存在！

[ 2016-07-20T10:05:28+08:00 ] ::1 /shop/shop/index.php/Admin/Goods/del
ERR: Think\Model:del方法不存在！

[ 2016-07-20T10:05:28+08:00 ] ::1 /shop/shop/index.php/Admin/Goods/del
ERR: Think\Model:del方法不存在！

[ 2016-07-20T10:06:49+08:00 ] ::1 /shop/shop/index.php/Admin/Goods/del
ERR: Think\Model:del方法不存在！

[ 2016-07-20T10:06:50+08:00 ] ::1 /shop/shop/index.php/Admin/Goods/del
ERR: Think\Model:del方法不存在！

[ 2016-07-20T10:06:50+08:00 ] ::1 /shop/shop/index.php/Admin/Goods/del
ERR: Think\Model:del方法不存在！

[ 2016-07-20T10:06:50+08:00 ] ::1 /shop/shop/index.php/Admin/Goods/del
ERR: Think\Model:del方法不存在！

[ 2016-07-20T10:06:50+08:00 ] ::1 /shop/shop/index.php/Admin/Goods/del
ERR: Think\Model:del方法不存在！

[ 2016-07-20T10:06:50+08:00 ] ::1 /shop/shop/index.php/Admin/Goods/del
ERR: Think\Model:del方法不存在！

[ 2016-07-20T10:06:50+08:00 ] ::1 /shop/shop/index.php/Admin/Goods/del
ERR: Think\Model:del方法不存在！

[ 2016-07-20T10:06:51+08:00 ] ::1 /shop/shop/index.php/Admin/Goods/del
ERR: Think\Model:del方法不存在！

[ 2016-07-20T10:06:51+08:00 ] ::1 /shop/shop/index.php/Admin/Goods/del
ERR: Think\Model:del方法不存在！

[ 2016-07-20T10:07:24+08:00 ] ::1 /shop/shop/index.php/Admin/Goods/del
ERR: Think\Model:del方法不存在！

[ 2016-07-20T10:07:55+08:00 ] ::1 /shop/shop/index.php/Admin/Goods/del
ERR: Think\Model:del方法不存在！

[ 2016-07-20T10:07:56+08:00 ] ::1 /shop/shop/index.php/Admin/Goods/del
ERR: Think\Model:del方法不存在！

[ 2016-07-20T10:07:56+08:00 ] ::1 /shop/shop/index.php/Admin/Goods/del
ERR: Think\Model:del方法不存在！

[ 2016-07-20T10:07:56+08:00 ] ::1 /shop/shop/index.php/Admin/Goods/del
ERR: Think\Model:del方法不存在！

[ 2016-07-20T10:07:56+08:00 ] ::1 /shop/shop/index.php/Admin/Goods/del
ERR: Think\Model:del方法不存在！

[ 2016-07-20T10:07:56+08:00 ] ::1 /shop/shop/index.php/Admin/Goods/del
ERR: Think\Model:del方法不存在！

[ 2016-07-20T10:07:56+08:00 ] ::1 /shop/shop/index.php/Admin/Goods/del
ERR: Think\Model:del方法不存在！

[ 2016-07-20T10:07:57+08:00 ] ::1 /shop/shop/index.php/Admin/Goods/del
ERR: Think\Model:del方法不存在！

[ 2016-07-20T10:07:57+08:00 ] ::1 /shop/shop/index.php/Admin/Goods/del
ERR: Think\Model:del方法不存在！

[ 2016-07-20T10:07:57+08:00 ] ::1 /shop/shop/index.php/Admin/Goods/del
ERR: Think\Model:del方法不存在！

[ 2016-07-20T10:07:57+08:00 ] ::1 /shop/shop/index.php/Admin/Goods/del
ERR: Think\Model:del方法不存在！

[ 2016-07-20T10:07:57+08:00 ] ::1 /shop/shop/index.php/Admin/Goods/del
ERR: Think\Model:del方法不存在！

[ 2016-07-20T10:07:58+08:00 ] ::1 /shop/shop/index.php/Admin/Goods/del
ERR: Think\Model:del方法不存在！

[ 2016-07-20T10:07:58+08:00 ] ::1 /shop/shop/index.php/Admin/Goods/del
ERR: Think\Model:del方法不存在！

[ 2016-07-20T10:07:58+08:00 ] ::1 /shop/shop/index.php/Admin/Goods/del
ERR: Think\Model:del方法不存在！

[ 2016-07-20T10:07:58+08:00 ] ::1 /shop/shop/index.php/Admin/Goods/del
ERR: Think\Model:del方法不存在！

[ 2016-07-20T10:07:58+08:00 ] ::1 /shop/shop/index.php/Admin/Goods/del
ERR: Think\Model:del方法不存在！

[ 2016-07-20T10:07:58+08:00 ] ::1 /shop/shop/index.php/Admin/Goods/del
ERR: Think\Model:del方法不存在！

[ 2016-07-20T10:07:58+08:00 ] ::1 /shop/shop/index.php/Admin/Goods/del
ERR: Think\Model:del方法不存在！

[ 2016-07-20T10:07:59+08:00 ] ::1 /shop/shop/index.php/Admin/Goods/del
ERR: Think\Model:del方法不存在！

[ 2016-07-20T10:07:59+08:00 ] ::1 /shop/shop/index.php/Admin/Goods/del
ERR: Think\Model:del方法不存在！

[ 2016-07-20T10:07:59+08:00 ] ::1 /shop/shop/index.php/Admin/Goods/del
ERR: Think\Model:del方法不存在！

[ 2016-07-20T10:07:59+08:00 ] ::1 /shop/shop/index.php/Admin/Goods/del
ERR: Think\Model:del方法不存在！

[ 2016-07-20T10:07:59+08:00 ] ::1 /shop/shop/index.php/Admin/Goods/del
ERR: Think\Model:del方法不存在！

[ 2016-07-20T10:07:59+08:00 ] ::1 /shop/shop/index.php/Admin/Goods/del
ERR: Think\Model:del方法不存在！

[ 2016-07-20T10:07:59+08:00 ] ::1 /shop/shop/index.php/Admin/Goods/del
ERR: Think\Model:del方法不存在！

[ 2016-07-20T10:07:59+08:00 ] ::1 /shop/shop/index.php/Admin/Goods/del
ERR: Think\Model:del方法不存在！

[ 2016-07-20T10:08:00+08:00 ] ::1 /shop/shop/index.php/Admin/Goods/del
ERR: Think\Model:del方法不存在！

[ 2016-07-20T10:08:00+08:00 ] ::1 /shop/shop/index.php/Admin/Goods/del
ERR: Think\Model:del方法不存在！

[ 2016-07-20T10:08:00+08:00 ] ::1 /shop/shop/index.php/Admin/Goods/del
ERR: Think\Model:del方法不存在！

[ 2016-07-20T10:08:00+08:00 ] ::1 /shop/shop/index.php/Admin/Goods/del
ERR: Think\Model:del方法不存在！

[ 2016-07-20T10:08:00+08:00 ] ::1 /shop/shop/index.php/Admin/Goods/del
ERR: Think\Model:del方法不存在！

[ 2016-07-20T10:08:00+08:00 ] ::1 /shop/shop/index.php/Admin/Goods/del
ERR: Think\Model:del方法不存在！

[ 2016-07-20T10:08:00+08:00 ] ::1 /shop/shop/index.php/Admin/Goods/del
ERR: Think\Model:del方法不存在！

[ 2016-07-20T10:08:01+08:00 ] ::1 /shop/shop/index.php/Admin/Goods/del
ERR: Think\Model:del方法不存在！

[ 2016-07-20T10:08:01+08:00 ] ::1 /shop/shop/index.php/Admin/Goods/del
ERR: Think\Model:del方法不存在！

[ 2016-07-20T10:08:01+08:00 ] ::1 /shop/shop/index.php/Admin/Goods/del
ERR: Think\Model:del方法不存在！

[ 2016-07-20T10:08:01+08:00 ] ::1 /shop/shop/index.php/Admin/Goods/del
ERR: Think\Model:del方法不存在！

[ 2016-07-20T10:08:01+08:00 ] ::1 /shop/shop/index.php/Admin/Goods/del
ERR: Think\Model:del方法不存在！

[ 2016-07-20T10:08:01+08:00 ] ::1 /shop/shop/index.php/Admin/Goods/del
ERR: Think\Model:del方法不存在！

[ 2016-07-20T10:31:34+08:00 ] ::1 /shop/shop/index.php/Admin/Goods/index
ERR: 非法操作:index

[ 2016-07-20T10:34:09+08:00 ] ::1 /shop/shop/index.php/Admin/Goods/index
ERR: 非法操作:index

[ 2016-07-20T10:34:10+08:00 ] ::1 /shop/shop/index.php/Admin/Goods/index
ERR: 非法操作:index

[ 2016-07-20T10:34:10+08:00 ] ::1 /shop/shop/index.php/Admin/Goods/index
ERR: 非法操作:index

[ 2016-07-20T10:34:10+08:00 ] ::1 /shop/shop/index.php/Admin/Goods/index
ERR: 非法操作:index

[ 2016-07-20T10:34:10+08:00 ] ::1 /shop/shop/index.php/Admin/Goods/index
ERR: 非法操作:index

[ 2016-07-20T10:34:11+08:00 ] ::1 /shop/shop/index.php/Admin/Goods/index
ERR: 非法操作:index

[ 2016-07-20T10:34:11+08:00 ] ::1 /shop/shop/index.php/Admin/Goods/index
ERR: 非法操作:index

[ 2016-07-20T10:34:11+08:00 ] ::1 /shop/shop/index.php/Admin/Goods/index
ERR: 非法操作:index

[ 2016-07-20T10:34:11+08:00 ] ::1 /shop/shop/index.php/Admin/Goods/index
ERR: 非法操作:index

[ 2016-07-20T10:34:11+08:00 ] ::1 /shop/shop/index.php/Admin/Goods/index
ERR: 非法操作:index

[ 2016-07-20T10:34:11+08:00 ] ::1 /shop/shop/index.php/Admin/Goods/index
ERR: 非法操作:index

[ 2016-07-20T10:34:11+08:00 ] ::1 /shop/shop/index.php/Admin/Goods/index
ERR: 非法操作:index

[ 2016-07-20T10:34:12+08:00 ] ::1 /shop/shop/index.php/Admin/Goods/index
ERR: 非法操作:index

[ 2016-07-20T10:34:12+08:00 ] ::1 /shop/shop/index.php/Admin/Goods/index
ERR: 非法操作:index

[ 2016-07-20T10:34:12+08:00 ] ::1 /shop/shop/index.php/Admin/Goods/index
ERR: 非法操作:index

[ 2016-07-20T10:34:12+08:00 ] ::1 /shop/shop/index.php/Admin/Goods/index
ERR: 非法操作:index

[ 2016-07-20T10:34:27+08:00 ] ::1 /shop/shop/index.php/Admin/Index/__MODULE__/Goods/showlist
ERR: 非法操作:__MODULE__

[ 2016-07-20T10:58:01+08:00 ] ::1 /shop/shop/index.php/Admin/Goods/update/goods_id/1
ERR: Syntax Error in template "E:/wamp/www/shop/shop/Admin/View\Goods\update.html"  on line 46 "&lt;td&gt;&lt;input type=&quot;text&quot; name=&quot;goods_number&quot; value=&quot;{$info.goods_number&quot; /&gt;&lt;/td&gt;"  - Unexpected """, expected one of: "}" , " "

[ 2016-07-20T11:07:38+08:00 ] ::1 /shop/shop/index.php/Admin/Index/Goods/showlist
ERR: 非法操作:Goods

[ 2016-07-20T11:07:39+08:00 ] ::1 /shop/shop/index.php/Admin/Index/Goods/showlist
ERR: 非法操作:Goods

[ 2016-07-20T11:12:06+08:00 ] ::1 /shop/shop/index.php/Admin/head
ERR: 无法加载控制器:Head

[ 2016-07-20T11:12:08+08:00 ] ::1 /shop/shop/index.php/Admin/head
ERR: 无法加载控制器:Head

[ 2016-07-20T11:12:56+08:00 ] ::1 /shop/shop/index.php/Admin/Index/Goods/showlist
ERR: 非法操作:Goods

[ 2016-07-20T11:13:48+08:00 ] ::1 /shop/shop/index.php/Admin/Admin/Goods/showlist
ERR: 无法加载控制器:Admin

[ 2016-07-20T11:13:51+08:00 ] ::1 /shop/shop/index.php/Admin/Admin/Goods/showlist
ERR: 无法加载控制器:Admin

[ 2016-07-20T11:13:52+08:00 ] ::1 /shop/shop/index.php/Admin/Admin/Goods/showlist
ERR: 无法加载控制器:Admin

[ 2016-07-20T11:13:52+08:00 ] ::1 /shop/shop/index.php/Admin/Admin/Goods/showlist
ERR: 无法加载控制器:Admin

[ 2016-07-20T11:13:53+08:00 ] ::1 /shop/shop/index.php/Admin/Admin/Goods/showlist
ERR: 无法加载控制器:Admin

[ 2016-07-20T11:13:53+08:00 ] ::1 /shop/shop/index.php/Admin/Admin/Goods/showlist
ERR: 无法加载控制器:Admin

[ 2016-07-20T11:28:47+08:00 ] ::1 /shop/shop/index.php/Admin/Goods/update/goods_id/6
ERR: 1054:Champ '$goods_id' inconnu dans where clause
 [ SQL语句 ] : UPDATE `sw_goods` SET `goods_name`='iphone5s',`goods_category_id`='0',`goods_price`='5555',`goods_number`='26',`goods_introduce`='' WHERE ( goods_id = $goods_id )

[ 2016-07-20T11:30:14+08:00 ] ::1 /shop/shop/index.php/Admin/Goods/update/goods_id/6
ERR: 1054:Champ '$goods_id' inconnu dans where clause
 [ SQL语句 ] : UPDATE `sw_goods` SET `goods_name`='iphone5s',`goods_category_id`='0',`goods_price`='5555',`goods_number`='26',`goods_introduce`='' WHERE ( goods_id = $goods_id )

[ 2016-07-20T15:41:12+08:00 ] ::1 /shop/shop/index.php/Admin/Goods/update/
ERR: 参数错误或者未定义:goods_id

[ 2016-07-20T15:42:11+08:00 ] ::1 /shop/shop/index.php/Admin/Goods/update
ERR: 参数错误或者未定义:goods_id

[ 2016-07-20T21:15:34+08:00 ] ::1 /shop/shop/index.php/Admin/Goods/del/goods_id/5
ERR: Think\Controller:U方法不存在！

[ 2016-07-20T21:26:12+08:00 ] ::1 /shop/shop/index.php/Admin/Goods/del/goods_id/17
ERR: Think\Controller:U方法不存在！

