[ 2016-07-24T08:58:44+08:00 ] ::1 /shop/shop/index.php/Admin/Index/left
ERR: 1064:Erreur de syntaxe près de '' à la ligne 1
 [ SQL语句 ] : select * from sw_role where role_id=

[ 2016-07-24T08:59:02+08:00 ] ::1 /shop/shop/index.php/Admin/order/showlist
ERR: 1054:Champ 'a.mg_role_id' inconnu dans on clause
 [ SQL语句 ] : select role_auth_ac from sw_manager a join sw_role b on a.mg_role_id=b.role_id where a.mg_id=1

[ 2016-07-24T09:00:40+08:00 ] ::1 /shop/shop/index.php/Admin/Index/left
ERR: 1064:Erreur de syntaxe près de '' à la ligne 1
 [ SQL语句 ] : select * from sw_role where role_id=

[ 2016-07-24T09:00:58+08:00 ] ::1 /shop/shop/index.php/Admin/order/showlist
ERR: 1054:Champ 'a.mg_role_id' inconnu dans on clause
 [ SQL语句 ] : select role_auth_ac from sw_manager a join sw_role b on a.mg_role_id=b.role_id where a.mg_id=2

[ 2016-07-24T09:03:07+08:00 ] ::1 /shop/shop/index.php/Admin/index/left
ERR: 1064:Erreur de syntaxe près de '' à la ligne 1
 [ SQL语句 ] : select * from sw_role where role_id=

[ 2016-07-24T09:07:08+08:00 ] ::1 /shop/shop/index.php/Admin/index/left
ERR: 1064:Erreur de syntaxe près de '' à la ligne 1
 [ SQL语句 ] : select * from sw_role where role_id=

[ 2016-07-24T09:07:45+08:00 ] ::1 /shop/shop/index.php/Admin/index/left
ERR: 1064:Erreur de syntaxe près de '' à la ligne 1
 [ SQL语句 ] : select * from sw_role where role_id=

[ 2016-07-24T09:07:47+08:00 ] ::1 /shop/shop/index.php/Admin/index/left
ERR: 1064:Erreur de syntaxe près de '' à la ligne 1
 [ SQL语句 ] : select * from sw_role where role_id=

[ 2016-07-24T09:07:48+08:00 ] ::1 /shop/shop/index.php/Admin/index/left
ERR: 1064:Erreur de syntaxe près de '' à la ligne 1
 [ SQL语句 ] : select * from sw_role where role_id=

[ 2016-07-24T09:07:48+08:00 ] ::1 /shop/shop/index.php/Admin/index/left
ERR: 1064:Erreur de syntaxe près de '' à la ligne 1
 [ SQL语句 ] : select * from sw_role where role_id=

[ 2016-07-24T09:08:09+08:00 ] ::1 /shop/shop/index.php/Admin/index/left
ERR: 1064:Erreur de syntaxe près de '' à la ligne 1
 [ SQL语句 ] : select * from sw_role where role_id=

[ 2016-07-24T09:08:29+08:00 ] ::1 /shop/shop/index.php/Admin/index/left
ERR: 1064:Erreur de syntaxe près de ')' à la ligne 1
 [ SQL语句 ] : select * from sw_auth where auth_level=0  and auth_id in ()

[ 2016-07-24T09:08:30+08:00 ] ::1 /shop/shop/index.php/Admin/index/left
ERR: 1064:Erreur de syntaxe près de ')' à la ligne 1
 [ SQL语句 ] : select * from sw_auth where auth_level=0  and auth_id in ()

[ 2016-07-24T09:08:30+08:00 ] ::1 /shop/shop/index.php/Admin/index/left
ERR: 1064:Erreur de syntaxe près de ')' à la ligne 1
 [ SQL语句 ] : select * from sw_auth where auth_level=0  and auth_id in ()

[ 2016-07-24T09:08:30+08:00 ] ::1 /shop/shop/index.php/Admin/index/left
ERR: 1064:Erreur de syntaxe près de ')' à la ligne 1
 [ SQL语句 ] : select * from sw_auth where auth_level=0  and auth_id in ()

[ 2016-07-24T09:08:30+08:00 ] ::1 /shop/shop/index.php/Admin/index/left
ERR: 1064:Erreur de syntaxe près de ')' à la ligne 1
 [ SQL语句 ] : select * from sw_auth where auth_level=0  and auth_id in ()

[ 2016-07-24T09:08:58+08:00 ] ::1 /shop/shop/index.php/Admin/index/left
ERR: 1064:Erreur de syntaxe près de ')' à la ligne 1
 [ SQL语句 ] : select * from sw_auth where auth_level=0  and auth_id in ()

[ 2016-07-24T09:08:58+08:00 ] ::1 /shop/shop/index.php/Admin/index/left
ERR: 1064:Erreur de syntaxe près de ')' à la ligne 1
 [ SQL语句 ] : select * from sw_auth where auth_level=0  and auth_id in ()

[ 2016-07-24T09:08:59+08:00 ] ::1 /shop/shop/index.php/Admin/index/left
ERR: 1064:Erreur de syntaxe près de ')' à la ligne 1
 [ SQL语句 ] : select * from sw_auth where auth_level=0  and auth_id in ()

[ 2016-07-24T09:08:59+08:00 ] ::1 /shop/shop/index.php/Admin/index/left
ERR: 1064:Erreur de syntaxe près de ')' à la ligne 1
 [ SQL语句 ] : select * from sw_auth where auth_level=0  and auth_id in ()

[ 2016-07-24T09:08:59+08:00 ] ::1 /shop/shop/index.php/Admin/index/left
ERR: 1064:Erreur de syntaxe près de ')' à la ligne 1
 [ SQL语句 ] : select * from sw_auth where auth_level=0  and auth_id in ()

[ 2016-07-24T09:09:25+08:00 ] ::1 /shop/shop/index.php/Admin/index/left
ERR: 1064:Erreur de syntaxe près de ')' à la ligne 1
 [ SQL语句 ] : select * from sw_auth where auth_level=0  and auth_id in ()

[ 2016-07-24T09:09:25+08:00 ] ::1 /shop/shop/index.php/Admin/index/left
ERR: 1064:Erreur de syntaxe près de ')' à la ligne 1
 [ SQL语句 ] : select * from sw_auth where auth_level=0  and auth_id in ()

[ 2016-07-24T09:09:25+08:00 ] ::1 /shop/shop/index.php/Admin/index/left
ERR: 1064:Erreur de syntaxe près de ')' à la ligne 1
 [ SQL语句 ] : select * from sw_auth where auth_level=0  and auth_id in ()

[ 2016-07-24T09:09:25+08:00 ] ::1 /shop/shop/index.php/Admin/index/left
ERR: 1064:Erreur de syntaxe près de ')' à la ligne 1
 [ SQL语句 ] : select * from sw_auth where auth_level=0  and auth_id in ()

[ 2016-07-24T09:09:26+08:00 ] ::1 /shop/shop/index.php/Admin/index/left
ERR: 1064:Erreur de syntaxe près de ')' à la ligne 1
 [ SQL语句 ] : select * from sw_auth where auth_level=0  and auth_id in ()

[ 2016-07-24T09:09:26+08:00 ] ::1 /shop/shop/index.php/Admin/index/left
ERR: 1064:Erreur de syntaxe près de ')' à la ligne 1
 [ SQL语句 ] : select * from sw_auth where auth_level=0  and auth_id in ()

[ 2016-07-24T09:09:26+08:00 ] ::1 /shop/shop/index.php/Admin/index/left
ERR: 1064:Erreur de syntaxe près de ')' à la ligne 1
 [ SQL语句 ] : select * from sw_auth where auth_level=0  and auth_id in ()

[ 2016-07-24T09:09:26+08:00 ] ::1 /shop/shop/index.php/Admin/index/left
ERR: 1064:Erreur de syntaxe près de ')' à la ligne 1
 [ SQL语句 ] : select * from sw_auth where auth_level=0  and auth_id in ()

[ 2016-07-24T09:09:35+08:00 ] ::1 /shop/shop/index.php/Admin/index/left
ERR: 1064:Erreur de syntaxe près de ')' à la ligne 1
 [ SQL语句 ] : select * from sw_auth where auth_level=0  and auth_id in ()

[ 2016-07-24T09:09:36+08:00 ] ::1 /shop/shop/index.php/Admin/index/left
ERR: 1064:Erreur de syntaxe près de ')' à la ligne 1
 [ SQL语句 ] : select * from sw_auth where auth_level=0  and auth_id in ()

[ 2016-07-24T09:09:36+08:00 ] ::1 /shop/shop/index.php/Admin/index/left
ERR: 1064:Erreur de syntaxe près de ')' à la ligne 1
 [ SQL语句 ] : select * from sw_auth where auth_level=0  and auth_id in ()

[ 2016-07-24T09:09:36+08:00 ] ::1 /shop/shop/index.php/Admin/index/left
ERR: 1064:Erreur de syntaxe près de ')' à la ligne 1
 [ SQL语句 ] : select * from sw_auth where auth_level=0  and auth_id in ()

[ 2016-07-24T09:09:36+08:00 ] ::1 /shop/shop/index.php/Admin/index/left
ERR: 1064:Erreur de syntaxe près de ')' à la ligne 1
 [ SQL语句 ] : select * from sw_auth where auth_level=0  and auth_id in ()

[ 2016-07-24T09:09:36+08:00 ] ::1 /shop/shop/index.php/Admin/index/left
ERR: 1064:Erreur de syntaxe près de ')' à la ligne 1
 [ SQL语句 ] : select * from sw_auth where auth_level=0  and auth_id in ()

[ 2016-07-24T09:09:47+08:00 ] ::1 /shop/shop/index.php/Admin/index/left
ERR: 1064:Erreur de syntaxe près de ')' à la ligne 1
 [ SQL语句 ] : select * from sw_auth where auth_level=0  and auth_id in ()

[ 2016-07-24T09:09:51+08:00 ] ::1 /shop/shop/index.php/Admin/index/left
ERR: 1064:Erreur de syntaxe près de ')' à la ligne 1
 [ SQL语句 ] : select * from sw_auth where auth_level=0  and auth_id in ()

[ 2016-07-24T09:10:41+08:00 ] ::1 /shop/shop/index.php/Admin/index/left
ERR: 1064:Erreur de syntaxe près de ')' à la ligne 1
 [ SQL语句 ] : select * from sw_auth where auth_level=0  and auth_id in ()

[ 2016-07-24T09:11:50+08:00 ] ::1 /shop/shop/index.php/Admin/index/left
ERR: 1064:Erreur de syntaxe près de ')' à la ligne 1
 [ SQL语句 ] : select * from sw_auth where auth_level=0  and auth_id in ()

[ 2016-07-24T09:56:30+08:00 ] ::1 /shop/shop/index.php/Admin/go/showlist
ERR: 无法加载控制器:Go

[ 2016-07-24T09:56:54+08:00 ] ::1 /shop/shop/index.php/Admin/Goods/update/goods_id/15
ERR: Unable to load template file 'w\shop\ThinkPHP/Tpl/dispatch_jump.tpl'

[ 2016-07-24T09:57:41+08:00 ] ::1 /shop/shop/index.php/Admin/Goods/update
ERR: Unable to load template file 'w\shop\ThinkPHP/Tpl/dispatch_jump.tpl'

[ 2016-07-24T09:59:05+08:00 ] ::1 /shop/shop/index.php/Admin/Goods/update
ERR: 参数错误或者未定义:goods_id

[ 2016-07-24T09:59:06+08:00 ] ::1 /shop/shop/index.php/Admin/Goods/update
ERR: 参数错误或者未定义:goods_id

[ 2016-07-24T09:59:06+08:00 ] ::1 /shop/shop/index.php/Admin/Goods/update
ERR: 参数错误或者未定义:goods_id

[ 2016-07-24T09:59:06+08:00 ] ::1 /shop/shop/index.php/Admin/Goods/update
ERR: 参数错误或者未定义:goods_id

[ 2016-07-24T09:59:06+08:00 ] ::1 /shop/shop/index.php/Admin/Goods/update
ERR: 参数错误或者未定义:goods_id

[ 2016-07-24T09:59:06+08:00 ] ::1 /shop/shop/index.php/Admin/Goods/update
ERR: 参数错误或者未定义:goods_id

[ 2016-07-24T09:59:06+08:00 ] ::1 /shop/shop/index.php/Admin/Goods/update
ERR: 参数错误或者未定义:goods_id

[ 2016-07-24T09:59:07+08:00 ] ::1 /shop/shop/index.php/Admin/Goods/update
ERR: 参数错误或者未定义:goods_id

[ 2016-07-24T09:59:57+08:00 ] ::1 /shop/shop/index.php/Admin/Goods/update
ERR: 参数错误或者未定义:goods_id

[ 2016-07-24T10:04:08+08:00 ] ::1 /shop/shop/index.php/Admin/Goods/showlist.html?&page=2
ERR: Syntax Error in template "E:/wamp/www/shop/shop/Admin/View\Goods\showlist.html"  on line 58 "&lt;td&gt;{$smarty.$this.now|date_format:'%Y-%m-%d %H:%M:%S'}&lt;/td&gt;" $smarty.$_smarty_tpl->tpl_vars['this']->value is invalid

[ 2016-07-24T10:04:08+08:00 ] ::1 /shop/shop/index.php/Admin/Goods/showlist.html?&page=2
ERR: Syntax Error in template "E:/wamp/www/shop/shop/Admin/View\Goods\showlist.html"  on line 58 "&lt;td&gt;{$smarty.$this.now|date_format:'%Y-%m-%d %H:%M:%S'}&lt;/td&gt;" $smarty.$_smarty_tpl->tpl_vars['this']->value is invalid

[ 2016-07-24T10:04:09+08:00 ] ::1 /shop/shop/index.php/Admin/Goods/showlist.html?&page=2
ERR: Syntax Error in template "E:/wamp/www/shop/shop/Admin/View\Goods\showlist.html"  on line 58 "&lt;td&gt;{$smarty.$this.now|date_format:'%Y-%m-%d %H:%M:%S'}&lt;/td&gt;" $smarty.$_smarty_tpl->tpl_vars['this']->value is invalid

